We are running from this directory: /cluster/home/simesal/BioplausibleNN_MasterThesis_Code
The name of the job is: flo_epo_mnist
The job ID is 18056574
The job was run on these nodes: idun-06-08
Number of nodes: 1
We are using 1 cores
We are using 1 cores per node
Total of  cores

Training 10 ANN agents and 10 PCN agents
Number of epochs: 30
Dataset: mnist


 ------------------ ANN Training ------------------ 

Training agents...
Average flops of agents over #30 epochs: 99 662 256 000.0
Average Flops per epoch: 3 322 075 200.0

 ---------------------------------------------------- 


 ------------------ PCN Training ------------------ 

Training agents...
Average flops of agents over #30 epochs: 1 840 148 239 617.4
Average Flops per epoch: 61 338 274 653.91333

 ---------------------------------------------------- 



 ------------------ ANN validation ------------------ 

*** Training set ***
Mean Accuracy: 0.7681250000000001
Flops performed: 1 228 448 801.0
*******************
*** Test set ***
Accuracy: 0.7625
Flops performed: 307 112 201.0
*******************

 ---------------------------------------------------- 



 ------------------ PCN validation ------------------ 

*** Training set ***
Accuracy: 0.713125
Flops performed: 45 319 400 290.9
*******************
*** Test set ***
Accuracy: 0.706
Flops performed: 11 256 956 848.2
*******************

 ---------------------------------------------------- 

