We are running from this directory: /cluster/home/simesal/BioplausibleNN_MasterThesis_Code
The name of the job is: mCOMP_FLOP_wine
The job ID is 18009662
The job was run on these nodes: idun-04-10
Number of nodes: 1
We are using 1 cores
We are using 1 cores per node
Total of  cores

Training 10 ANN agents and 10 PCN agents
Number of epochs: 30
Dataset: wine


 ------------------ ANN Training ------------------ 

Training agents...
Average flops of agents over #30 epochs: 25 913 580.0
Average Flops per epoch: 863 786.0

 ---------------------------------------------------- 


 ------------------ PCN Training ------------------ 

Training agents...
Average flops of agents over #30 epochs: 667 007 962.1
Average Flops per epoch: 22 233 598.73666667

 ---------------------------------------------------- 



 ------------------ ANN validation ------------------ 

*** Training set ***
Mean Accuracy: 0.38732394366197187
Flops performed: 300 899.0
*******************
*** Test set ***
Accuracy: 0.4444444444444445
Flops performed: 76 285.0
*******************

 ---------------------------------------------------- 



 ------------------ PCN validation ------------------ 

*** Training set ***
Accuracy: 0.893661971830986
Flops performed: 30 828 628.8
*******************
*** Test set ***
Accuracy: 0.95
Flops performed: 8 541 902.8
*******************

 ---------------------------------------------------- 

