We are running from this directory: /cluster/home/simesal/BioplausibleNN_MasterThesis_Code
The name of the job is: mCOMP_FLOP
The job ID is 17566742
The job was run on these nodes: idun-06-06
Number of nodes: 1
We are using 4 cores
We are using 4 cores per node
Total of 4 cores

Training 10 ANN agents and 10 PCN agents
Number of epochs: 30
Dataset: Iris


 ------------------ ANN Training ------------------ 

Training agents...
Average flops of agents over #30 epochs: 9 474 300.0
Average Flops per epoch: 315 810.0

 ---------------------------------------------------- 


 ------------------ PCN Training ------------------ 

Training agents...
Average flops of agents over #30 epochs: 182 981 856.4
Average Flops per epoch: 6 099 395.213333334

 ---------------------------------------------------- 



 ------------------ ANN validation ------------------ 

*** Training set ***
Mean Accuracy: 0.35454545454545455
Flops performed: 107 471.0
*******************
*** Test set ***
Accuracy: 0.275
Flops performed: 39 081.0
*******************

 ---------------------------------------------------- 



 ------------------ PCN validation ------------------ 

*** Training set ***
Accuracy: 0.6927272727272727
Flops performed: 8 540 777.3
*******************
*** Test set ***
Accuracy: 0.8225
Flops performed: 3 388 234.2
*******************

 ---------------------------------------------------- 

